{
  "RSpec": {
    "coverage": {
      "/Users/TimGill/Documents/Github/Makers_main/09_week/bank_tech_test_ruby/spec/feature/transactions_spec.rb": {
        "lines": [
          1,
          1,
          1,
          null,
          1,
          null,
          4,
          1,
          null,
          1,
          1,
          4,
          null,
          null,
          null,
          1,
          1,
          1,
          4,
          null,
          null,
          1,
          2,
          null,
          null,
          null,
          null
        ]
      },
      "/Users/TimGill/Documents/Github/Makers_main/09_week/bank_tech_test_ruby/lib/bank_statement_printer.rb": {
        "lines": [
          null,
          null,
          1,
          null,
          1,
          1,
          5,
          null,
          null,
          1,
          2,
          null,
          null,
          1,
          2,
          2,
          3,
          null,
          3,
          null,
          0,
          null,
          null,
          2,
          null,
          null,
          1,
          3,
          null,
          null,
          1,
          4,
          4,
          8,
          null,
          null,
          null,
          1,
          4,
          4,
          4,
          null,
          null,
          null
        ]
      },
      "/Users/TimGill/Documents/Github/Makers_main/09_week/bank_tech_test_ruby/lib/bank_transaction.rb": {
        "lines": [
          null,
          1,
          1,
          null,
          1,
          18,
          18,
          18,
          18,
          null,
          null,
          1,
          22,
          22,
          22,
          null,
          null,
          1,
          12,
          3,
          null,
          9,
          9,
          9,
          null,
          null,
          null,
          1,
          31,
          31,
          31,
          41,
          null,
          31,
          null,
          null,
          1,
          31,
          31,
          31,
          12,
          null,
          31,
          null,
          null,
          1,
          31,
          31,
          31,
          31,
          null,
          null,
          1,
          63,
          63,
          null,
          null
        ]
      },
      "/Users/TimGill/Documents/Github/Makers_main/09_week/bank_tech_test_ruby/spec/unit/bank_statement_printer_spec.rb": {
        "lines": [
          null,
          null,
          1,
          null,
          1,
          1,
          5,
          null,
          null,
          6,
          6,
          null,
          1,
          1,
          1,
          null,
          null,
          1,
          1,
          1,
          null,
          null,
          1,
          1,
          1,
          null,
          null,
          1,
          1,
          1,
          1,
          null,
          null,
          1,
          1,
          1,
          1,
          null,
          null,
          null
        ]
      },
      "/Users/TimGill/Documents/Github/Makers_main/09_week/bank_tech_test_ruby/spec/unit/bank_transaction_spec.rb": {
        "lines": [
          null,
          null,
          1,
          null,
          1,
          11,
          5,
          null,
          1,
          1,
          1,
          null,
          null,
          1,
          1,
          1,
          1,
          null,
          null,
          1,
          1,
          1,
          null,
          null,
          null,
          1,
          1,
          1,
          1,
          null,
          null,
          1,
          1,
          1,
          1,
          null,
          null,
          null,
          1,
          1,
          1,
          1,
          1,
          null,
          null,
          null,
          1,
          1,
          1,
          1,
          1,
          null,
          null,
          1,
          1,
          1,
          1,
          1,
          null,
          null,
          1,
          1,
          1,
          1,
          null,
          null,
          null,
          1,
          1,
          1,
          1,
          null,
          null,
          null
        ]
      }
    },
    "timestamp": 1606922222
  }
}
