{
  "RSpec": {
    "coverage": {
      "/Users/TimGill/Documents/Github/Makers_main/09_week/bank_tech_test_ruby/spec/bank_statement_printer_spec.rb": {
        "lines": [
          1,
          null,
          1,
          null,
          1,
          4,
          null,
          null,
          5,
          5,
          null,
          1,
          1,
          1,
          1,
          1,
          1,
          null,
          null,
          1,
          1,
          1,
          1,
          1,
          null,
          null,
          1,
          1,
          1,
          1,
          1,
          null,
          null,
          1,
          1,
          1,
          null,
          null,
          null
        ]
      },
      "/Users/TimGill/Documents/Github/Makers_main/09_week/bank_tech_test_ruby/lib/bank_statement_printer.rb": {
        "lines": [
          1,
          null,
          1,
          null,
          1,
          4,
          null,
          null,
          1,
          1,
          null,
          null,
          1,
          null,
          1,
          1,
          1,
          1,
          0,
          0,
          null,
          null,
          1,
          null,
          null,
          1,
          2,
          null,
          null,
          null,
          1,
          3,
          3,
          6,
          null,
          null,
          null,
          1,
          3,
          3,
          4,
          null,
          null,
          null,
          null,
          null
        ]
      },
      "/Users/TimGill/Documents/Github/Makers_main/09_week/bank_tech_test_ruby/lib/bank_transaction.rb": {
        "lines": [
          1,
          null,
          1,
          null,
          1,
          14,
          14,
          14,
          14,
          null,
          null,
          1,
          18,
          18,
          null,
          null,
          1,
          10,
          2,
          null,
          8,
          8,
          null,
          null,
          null,
          1,
          26,
          26,
          26,
          35,
          null,
          26,
          null,
          null,
          1,
          26,
          26,
          26,
          11,
          null,
          26,
          null,
          null,
          1,
          26,
          26,
          26,
          null,
          null,
          1,
          27,
          27,
          null,
          null,
          null,
          null
        ]
      },
      "/Users/TimGill/Documents/Github/Makers_main/09_week/bank_tech_test_ruby/spec/bank_transaction_spec.rb": {
        "lines": [
          1,
          null,
          1,
          null,
          11,
          5,
          null,
          1,
          1,
          null,
          null,
          1,
          1,
          1,
          null,
          null,
          1,
          1,
          1,
          1,
          null,
          null,
          1,
          1,
          1,
          1,
          null,
          null,
          1,
          1,
          1,
          1,
          null,
          null,
          1,
          1,
          1,
          null,
          null,
          1,
          1,
          1,
          1,
          null,
          null,
          1,
          1,
          1,
          1,
          1,
          null,
          null,
          1,
          1,
          1,
          1,
          null,
          null,
          null,
          1,
          1,
          1,
          null,
          null,
          null
        ]
      }
    },
    "timestamp": 1606908943
  }
}
